
> supertech-frontend@0.1.0 dev
> vite


  VITE v5.4.21  ready in 318 ms

  ➜  Local:   http://localhost:5173/
  ➜  Network: use --host to expose
  ➜  press h + enter to show help

  #  Node.js[342047]: void node::ResetStdio() at ../src/node.cc:751
  #  Assertion failed: !(err != 0) || (err == -1 && (*__errno_location ()) == 1)

----- Native stack trace -----

 1: 0xcb3007 node::Assert(node::AssertionInfo const&) [node]
 2: 0xc5f924  [node]
 3: 0x7188fcc47a76  [/lib/x86_64-linux-gnu/libc.so.6]
 4: 0x7188fcc47bbe  [/lib/x86_64-linux-gnu/libc.so.6]
 5: 0xbbf62f node::DefaultProcessExitHandlerInternal(node::Environment*, node::ExitCode) [node]
 6: 0xc1ef0f node::Environment::Exit(node::ExitCode) [node]
 7: 0xf4e54f v8::internal::FunctionCallbackArguments::Call(v8::internal::CallHandlerInfo) [node]
 8: 0xf4edbd  [node]
 9: 0xf4f285 v8::internal::Builtin_HandleApiCall(int, unsigned long*, v8::internal::Isolate*) [node]
10: 0x1959df6  [node]

  #  Node.js[342047]: void node::ResetStdio() at ../src/node.cc:751
  #  Assertion failed: !(err != 0) || (err == -1 && (*__errno_location ()) == 1)

----- Native stack trace -----

 1: 0xcb3007 node::Assert(node::AssertionInfo const&) [node]
 2: 0xc5f924  [node]
 3: 0xc5ff3d node::TrapWebAssemblyOrContinue(int, siginfo_t*, void*) [node]
 4: 0x7188fcc45330  [/lib/x86_64-linux-gnu/libc.so.6]
